<?xml version="1.0" encoding="UTF-8"?>
<!-- Generated by org.testng.reporters.JUnitReportReporter -->
<testsuite hostname="MSI" failures="0" tests="1" name="realDevice.RD_SampleAppTest" time="0.707" errors="0" timestamp="2024-01-17T17:31:29 IST" skipped="0">
  <testcase classname="realDevice.RD_SampleAppTest" name="verifyAddTest" time="0.707"/>
</testsuite> <!-- realDevice.RD_SampleAppTest -->
