<?xml version="1.0" encoding="UTF-8"?>
<!-- Generated by org.testng.reporters.JUnitReportReporter -->
<testsuite hostname="DESKTOP-5QPL10C" failures="0" tests="1" name="Mobileapp.orange" time="9.167" errors="0" timestamp="2024-01-23T17:22:03 IST" skipped="0">
  <testcase classname="Mobileapp.orange" name="verifyLoginFeature" time="9.167"/>
</testsuite> <!-- Mobileapp.orange -->
