<?xml version="1.0" encoding="UTF-8"?>
<!-- Generated by org.testng.reporters.JUnitReportReporter -->
<testsuite hostname="MSI" failures="0" tests="1" name="realDevice.RD_CalculatorTest" time="13.261" errors="0" timestamp="2024-01-17T15:46:20 IST" skipped="0">
  <testcase classname="realDevice.RD_CalculatorTest" name="verifyAddTest" time="13.261"/>
</testsuite> <!-- realDevice.RD_CalculatorTest -->
