<?xml version="1.0" encoding="UTF-8"?>
<!-- Generated by org.testng.reporters.JUnitReportReporter -->
<testsuite hostname="MSI" failures="0" tests="1" name="real_virtual.MultipleDevice_Calculator" time="11.911" errors="0" timestamp="2024-01-17T16:12:25 IST" skipped="0">
  <testcase classname="real_virtual.MultipleDevice_Calculator" name="verifyAddTest" time="11.911"/>
</testsuite> <!-- real_virtual.MultipleDevice_Calculator -->
