<?xml version="1.0" encoding="UTF-8"?>
<!-- Generated by org.testng.reporters.JUnitReportReporter -->
<testsuite hostname="DESKTOP-5QPL10C" failures="0" tests="1" name="LauchingApps.saucedemo" time="30.775" errors="0" timestamp="2024-01-23T22:47:31 IST" skipped="0">
  <testcase classname="LauchingApps.saucedemo" name="setup" time="30.775"/>
</testsuite> <!-- LauchingApps.saucedemo -->
