<?xml version="1.0" encoding="UTF-8"?>
<!-- Generated by org.testng.reporters.JUnitReportReporter -->
<testsuite hostname="MSI" failures="0" tests="4" name="realDevice.RD_CalculatorTest2" time="46.960" errors="0" timestamp="2024-01-17T17:04:58 IST" skipped="0">
  <testcase classname="realDevice.RD_CalculatorTest2" name="verifyAddTest" time="12.159"/>
  <testcase classname="realDevice.RD_CalculatorTest2" name="verifySubTest" time="11.299"/>
  <testcase classname="realDevice.RD_CalculatorTest2" name="verifyMulTest" time="11.917"/>
  <testcase classname="realDevice.RD_CalculatorTest2" name="verifyDivTest" time="11.585"/>
</testsuite> <!-- realDevice.RD_CalculatorTest2 -->
