<?xml version="1.0" encoding="UTF-8"?>
<!-- Generated by org.testng.reporters.JUnitReportReporter -->
<testsuite hostname="MSI" failures="0" tests="1" name="realDevice.RD_CalculatorTest3" time="0.954" errors="0" timestamp="2024-01-17T17:11:12 IST" skipped="0">
  <testcase classname="realDevice.RD_CalculatorTest3" name="verifyAddTest" time="0.954"/>
</testsuite> <!-- realDevice.RD_CalculatorTest3 -->
